  [30/338] 94 facts extracted...
  [40/338] 135 facts extracted...
  [50/338] 177 facts extracted...
  [60/338] 207 facts extracted...
  [70/338] 233 facts extracted...
  [80/338] 264 facts extracted...
  [90/338] 302 facts extracted...
  [100/338] 331 facts extracted...
  [110/338] 357 facts extracted...
  [120/338] 395 facts extracted...
  [130/338] 430 facts extracted...
Fact extraction failed: Expecting value: line 1 column 1 (char 0)
  [140/338] 465 facts extracted...
Fact extraction failed: Expecting value: line 1 column 1 (char 0)
  [150/338] 492 facts extracted...
  [160/338] 523 facts extracted...
  [170/338] 576 facts extracted...
  [180/338] 603 facts extracted...
  [190/338] 643 facts extracted...
  [200/338] 677 facts extracted...
Fact extraction failed: Expecting value: line 1 column 1 (char 0)
  [210/338] 704 facts extracted...
  [220/338] 736 facts extracted...
  [230/338] 787 facts extracted...
Fact extraction failed: Expecting value: line 1 column 1 (char 0)
  [240/338] 837 facts extracted...
  [250/338] 865 facts extracted...
Fact extraction failed: Expecting ',' delimiter: line 21 column 19 (char 408)
  [260/338] 887 facts extracted...
  [270/338] 906 facts extracted...
  [280/338] 941 facts extracted...
  [290/338] 981 facts extracted...
  [300/338] 1012 facts extracted...
  [310/338] 1046 facts extracted...
Fact extraction failed: Expecting value: line 1 column 1 (char 0)
  [320/338] 1065 facts extracted...
  [330/338] 1093 facts extracted...
[WebTeacher] Document processing complete: 1114 facts
  ✓ Extracted 1114 facts (session total: 1114)
💾 Checkpoint saved: 2 books processed

======================================================================
  INGESTION COMPLETE
======================================================================
  Session duration: 0:14:03.171583
  Books processed (this session): 1
  Facts extracted (this session): 1114
  Errors (this session): 0
  Total books (all sessions): 2
  Total facts (all sessions): 2627
  Checkpoint saved to: ./data/gutenberg_checkpoint.json
======================================================================
  Consolidating 4 pending facts before save...
  ✓ Consolidation complete (4 facts consolidated)
💾 Saved neural memory: data/crew_training_facts/neural_memory.pt (2391 vocab, 2627 consolidated, 0 pending)
