[23:19:59] ============================================================
[23:19:59] ARC Trainer Initialization
[23:19:59] ============================================================
[23:19:59] Creating HologramContainer...
[23:19:59] Creating ConsolidationManager...
[23:19:59] Loaded existing memory: 150 patterns
[23:19:59] Creating ARC components...
[23:19:59] Creating HolographicARCSolver (shared memory mode)...
[23:19:59] Initialization complete. Persist dir: ./data/crew_training_facts
[23:19:59] 
============================================================
[23:19:59] Starting Continuous Training
[23:19:59] ============================================================
[23:19:59] ARC Curriculum Distribution:
  EASY: 26 tasks
  MEDIUM: 0 tasks
  HARD: 0 tasks
[23:19:59] 
============================================================
[23:19:59] Round 1/1
[23:19:59] ============================================================
[23:19:59] 
Training on easy tier (26 tasks)
[23:19:59] [1/26] Task 794b24be
[23:20:03]   Could not extract verified pattern
[23:20:03] [2/26] Task 25ff71a9
[23:20:05]   Already known (from cache: False)
[23:20:05] [3/26] Task 6e02f1e3
[23:20:08]   Could not extract verified pattern
[23:20:08] [4/26] Task 74dd1130
[23:20:09]   Could not extract verified pattern
[23:20:09] [5/26] Task 9565186b
[23:20:11]   Could not extract verified pattern
[23:20:11] [6/26] Task 3c9b0459
[23:20:14]   Could not extract verified pattern
[23:20:14] [7/26] Task ed36ccf7
[23:20:15]   Could not extract verified pattern
[23:20:15] [8/26] Task 0d3d703e
[23:20:17]   Could not extract verified pattern
[23:20:17] [9/26] Task 3618c87e
[23:20:19]   Could not extract verified pattern
[23:20:19] [10/26] Task a79310a0
[23:20:20]   Could not extract verified pattern
[23:20:21] [11/26] Task 5582e5ca
[23:20:22]   Could not extract verified pattern
[23:20:22] [12/26] Task 25d8a9c8
[23:20:24]   Could not extract verified pattern
[23:20:24] [13/26] Task a9f96cdd
[23:20:25]   Could not extract verified pattern
[23:20:25] [14/26] Task f76d97a5
[23:20:28]   Could not extract verified pattern
[23:20:28] [15/26] Task 6150a2bd
[23:20:29]   Could not extract verified pattern
[23:20:29] [16/26] Task 6ea4a07e
[23:20:31]   Could not extract verified pattern
[23:20:31] [17/26] Task 87ab05b8
[23:20:34]   Could not extract verified pattern
[23:20:34] [18/26] Task 66e6c45b
[23:20:35]   Could not extract verified pattern
[23:20:35] [19/26] Task d511f180
[23:20:37]   Could not extract verified pattern
[23:20:37] [20/26] Task e3fe1151
[23:20:41]   Could not extract verified pattern
[23:20:41] [21/26] Task 4cd1b7b2
[23:20:43]   Could not extract verified pattern
[23:20:43] [22/26] Task a85d4709
[23:20:45]   Could not extract verified pattern
[23:20:45] [23/26] Task 833966f4
[23:20:46]   Could not extract verified pattern
[23:20:46] [24/26] Task aedd82e4
[23:20:48]   Could not extract verified pattern
[23:20:48] [25/26] Task d037b0a7
[23:20:50]   Could not extract verified pattern
[23:20:50] [26/26] Task 9dfd6313
[23:20:52]   Could not extract verified pattern
[23:20:52]   EASY: 1/26 solved
[23:20:52] 
--- Validation (3 tasks) ---
[23:20:54] Validation accuracy: 0.0%
[23:20:54] Solve rate: 0.0%
[23:20:54] Saved memory to data/crew_training_facts/neural_memory.pt
[23:20:54] 
Round 1 complete: Rounds: 1, Tasks: 26, Solved: 1 (3.8%), Patterns stored: 0, Already known: 1, Extraction failures: 25
[23:20:54] 
Final save...
[23:20:54] Saved memory to data/crew_training_facts/neural_memory.pt
[23:20:54] 
============================================================
[23:20:54] Final Training Report
[23:20:54] ============================================================
[23:20:54] Rounds: 1, Tasks: 26, Solved: 1 (3.8%), Patterns stored: 0, Already known: 1, Extraction failures: 25
[23:20:54] 
--- Validation (3 tasks) ---
[23:20:57] Validation accuracy: 0.0%
[23:20:57] Solve rate: 0.0%
