[23:18:43] ============================================================
[23:18:43] ARC Trainer Initialization
[23:18:43] ============================================================
[23:18:43] Creating HologramContainer...
[23:18:43] Creating ConsolidationManager...
[23:18:43] Loaded existing memory: 150 patterns
[23:18:43] Creating ARC components...
[23:18:43] Creating HolographicARCSolver (shared memory mode)...
[23:18:43] Initialization complete. Persist dir: ./data/crew_training_facts
[23:18:43] 
============================================================
[23:18:43] Starting Continuous Training
[23:18:43] ============================================================
[23:18:43] ARC Curriculum Distribution:
  EASY: 26 tasks
  MEDIUM: 0 tasks
  HARD: 0 tasks
[23:18:43] 
============================================================
[23:18:43] Round 1/1
[23:18:43] ============================================================
[23:18:43] 
Training on easy tier (26 tasks)
[23:18:43] [1/26] Task 794b24be
[23:18:47]   Could not extract verified pattern
[23:18:47] [2/26] Task 25ff71a9
[23:18:49]   Already known (from cache: False)
[23:18:49] [3/26] Task 6e02f1e3
[23:18:52]   Could not extract verified pattern
[23:18:52] [4/26] Task 74dd1130
[23:18:54]   Could not extract verified pattern
[23:18:54] [5/26] Task 9565186b
[23:18:56]   Could not extract verified pattern
[23:18:56] [6/26] Task 3c9b0459
[23:18:58]   Could not extract verified pattern
[23:18:58] [7/26] Task ed36ccf7
[23:19:00]   Could not extract verified pattern
[23:19:00] [8/26] Task 0d3d703e
[23:19:02]   Could not extract verified pattern
[23:19:02] [9/26] Task 3618c87e
[23:19:04]   Could not extract verified pattern
[23:19:04] [10/26] Task a79310a0
[23:19:05]   Could not extract verified pattern
[23:19:05] [11/26] Task 5582e5ca
[23:19:07]   Could not extract verified pattern
[23:19:07] [12/26] Task 25d8a9c8
[23:19:08]   Could not extract verified pattern
[23:19:08] [13/26] Task a9f96cdd
[23:19:10]   Could not extract verified pattern
[23:19:10] [14/26] Task f76d97a5
[23:19:13]   Could not extract verified pattern
[23:19:13] [15/26] Task 6150a2bd
[23:19:14]   Could not extract verified pattern
[23:19:14] [16/26] Task 6ea4a07e
[23:19:16]   Could not extract verified pattern
[23:19:16] [17/26] Task 87ab05b8
[23:19:19]   Could not extract verified pattern
[23:19:19] [18/26] Task 66e6c45b
[23:19:20]   Could not extract verified pattern
[23:19:20] [19/26] Task d511f180
[23:19:22]   Could not extract verified pattern
[23:19:22] [20/26] Task e3fe1151
[23:19:26]   Could not extract verified pattern
[23:19:26] [21/26] Task 4cd1b7b2
[23:19:28]   Could not extract verified pattern
[23:19:28] [22/26] Task a85d4709
[23:19:30]   Could not extract verified pattern
[23:19:30] [23/26] Task 833966f4
[23:19:31]   Could not extract verified pattern
[23:19:31] [24/26] Task aedd82e4
[23:19:35]   Could not extract verified pattern
[23:19:35] [25/26] Task d037b0a7
[23:19:37]   Could not extract verified pattern
[23:19:37] [26/26] Task 9dfd6313
[23:19:39]   Could not extract verified pattern
[23:19:39]   EASY: 1/26 solved
[23:19:39] 
--- Validation (3 tasks) ---
[23:19:43] Validation accuracy: 0.0%
[23:19:43] Solve rate: 0.0%
[23:19:43] Saved memory to data/crew_training_facts/neural_memory.pt
[23:19:43] 
Round 1 complete: Rounds: 1, Tasks: 26, Solved: 1 (3.8%), Patterns stored: 0, Already known: 1, Extraction failures: 25
[23:19:43] 
Final save...
[23:19:43] Saved memory to data/crew_training_facts/neural_memory.pt
[23:19:43] 
============================================================
[23:19:43] Final Training Report
[23:19:43] ============================================================
[23:19:43] Rounds: 1, Tasks: 26, Solved: 1 (3.8%), Patterns stored: 0, Already known: 1, Extraction failures: 25
[23:19:43] 
--- Validation (3 tasks) ---
[23:19:46] Validation accuracy: 0.0%
[23:19:46] Solve rate: 0.0%
